--------------------
./configure --prefix=/home/martin/Bureau/Cours/LA1/LPE/Partie2/rootRPI
jeu. 30 mai 2024 16:57:18 CEST
Checking for gcc...
=== ztest645465.c ===
extern int getchar();
int hello() {return getchar();}
===
gcc -c ztest645465.c
... using gcc

Checking for obsessive-compulsive compiler options...
=== ztest645465.c ===
int foo() { return 0; }
===
gcc -c -O3 ztest645465.c

Checking for shared library support...
=== ztest645465.c ===
extern int getchar();
int hello() {return getchar();}
===
gcc -w -c -O3 -fPIC ztest645465.c
gcc -shared -Wl,-soname,libz.so.1,--version-script,zlib.map -O3 -fPIC -o ztest645465.so ztest645465.o
Building shared library libz.so.1.2.13 with gcc.

=== ztest645465.c ===
#include <stdio.h>
#include <stdlib.h>
size_t dummy = 0;
===
gcc -c -O3 ztest645465.c
Checking for size_t... Yes.

=== ztest645465.c ===
#include <sys/types.h>
off64_t dummy = 0;
===
gcc -c -O3 -D_LARGEFILE64_SOURCE=1 ztest645465.c
Checking for off64_t... Yes.
Checking for fseeko... Yes.

=== ztest645465.c ===
#include <string.h>
#include <errno.h>
int main() { return strlen(strerror(errno)); }
===
gcc -O3 -D_LARGEFILE64_SOURCE=1 -o ztest645465 ztest645465.c
Checking for strerror... Yes.

=== ztest645465.c ===
#include <unistd.h>
int main() { return 0; }
===
gcc -c -O3 -D_LARGEFILE64_SOURCE=1 ztest645465.c
Checking for unistd.h... Yes.

=== ztest645465.c ===
#include <stdarg.h>
int main() { return 0; }
===
gcc -c -O3 -D_LARGEFILE64_SOURCE=1 ztest645465.c
Checking for stdarg.h... Yes.

=== ztest645465.c ===
#include <stdio.h>
#include <stdarg.h>
#include "zconf.h"
int main()
{
#ifndef STDC
  choke me
#endif
  return 0;
}
===
gcc -c -O3 -D_LARGEFILE64_SOURCE=1 ztest645465.c
Checking whether to use vs[n]printf() or s[n]printf()... using vs[n]printf().

=== ztest645465.c ===
#include <stdio.h>
#include <stdarg.h>
int mytest(const char *fmt, ...)
{
  char buf[20];
  va_list ap;
  va_start(ap, fmt);
  vsnprintf(buf, sizeof(buf), fmt, ap);
  va_end(ap);
  return 0;
}
int main()
{
  return (mytest("Hello%d\n", 1));
}
===
gcc -O3 -D_LARGEFILE64_SOURCE=1 -o ztest645465 ztest645465.c
Checking for vsnprintf() in stdio.h... Yes.

=== ztest645465.c ===
#include <stdio.h>
#include <stdarg.h>
int mytest(const char *fmt, ...)
{
  int n;
  char buf[20];
  va_list ap;
  va_start(ap, fmt);
  n = vsnprintf(buf, sizeof(buf), fmt, ap);
  va_end(ap);
  return n;
}
int main()
{
  return (mytest("Hello%d\n", 1));
}
===
gcc -c -O3 -D_LARGEFILE64_SOURCE=1 ztest645465.c
Checking for return value of vsnprintf()... Yes.

=== ztest645465.c ===
#define ZLIB_INTERNAL __attribute__((visibility ("hidden")))
int ZLIB_INTERNAL foo;
int main()
{
  return 0;
}
===
gcc -c -O3 -D_LARGEFILE64_SOURCE=1 ztest645465.c
Checking for attribute(visibility) support... Yes.

ALL = static shared all64
AR = ar
ARFLAGS = rc
CC = gcc
CFLAGS = -O3 -D_LARGEFILE64_SOURCE=1 -DHAVE_HIDDEN
CPP =
EXE =
LDCONFIG = ldconfig
LDFLAGS =
LDSHARED = gcc -shared -Wl,-soname,libz.so.1,--version-script,zlib.map
LDSHAREDLIBC = -lc
OBJC = $(OBJZ) $(OBJG)
PIC_OBJC = $(PIC_OBJZ) $(PIC_OBJG)
RANLIB = ranlib
SFLAGS = -O3 -fPIC -D_LARGEFILE64_SOURCE=1 -DHAVE_HIDDEN
SHAREDLIB = libz.so
SHAREDLIBM = libz.so.1
SHAREDLIBV = libz.so.1.2.13
STATICLIB = libz.a
TEST = all teststatic testshared test64
VER = 1.2.13
SRCDIR =
exec_prefix = ${prefix}
includedir = ${prefix}/include
libdir = ${exec_prefix}/lib
mandir = ${prefix}/share/man
prefix = /home/martin/Bureau/Cours/LA1/LPE/Partie2/rootRPI
sharedlibdir = ${libdir}
uname = Linux
--------------------


--------------------
./configure -h
jeu. 30 mai 2024 17:34:16 CEST
usage:
  configure [--const] [--zprefix] [--prefix=PREFIX]  [--eprefix=EXPREFIX]
    [--static] [--64] [--libdir=LIBDIR] [--sharedlibdir=LIBDIR]
    [--includedir=INCLUDEDIR] [--archs="-arch i386 -arch x86_64"]
--------------------
./configure --prefix=/home/martin/Bureau/Cours/LA1/LPE/Partie2/rootRPI
jeu. 30 mai 2024 18:11:04 CEST
Checking for gcc...
=== ztest668780.c ===
extern int getchar();
int hello() {return getchar();}
===
gcc -c ztest668780.c
... using gcc

Checking for obsessive-compulsive compiler options...
=== ztest668780.c ===
int foo() { return 0; }
===
gcc -c -O3 ztest668780.c

Checking for shared library support...
=== ztest668780.c ===
extern int getchar();
int hello() {return getchar();}
===
gcc -w -c -O3 -fPIC ztest668780.c
gcc -shared -Wl,-soname,libz.so.1,--version-script,zlib.map -O3 -fPIC -o ztest668780.so ztest668780.o
Building shared library libz.so.1.2.13 with gcc.

=== ztest668780.c ===
#include <stdio.h>
#include <stdlib.h>
size_t dummy = 0;
===
gcc -c -O3 ztest668780.c
Checking for size_t... Yes.

=== ztest668780.c ===
#include <sys/types.h>
off64_t dummy = 0;
===
gcc -c -O3 -D_LARGEFILE64_SOURCE=1 ztest668780.c
Checking for off64_t... Yes.
Checking for fseeko... Yes.

=== ztest668780.c ===
#include <string.h>
#include <errno.h>
int main() { return strlen(strerror(errno)); }
===
gcc -O3 -D_LARGEFILE64_SOURCE=1 -o ztest668780 ztest668780.c
Checking for strerror... Yes.

=== ztest668780.c ===
#include <unistd.h>
int main() { return 0; }
===
gcc -c -O3 -D_LARGEFILE64_SOURCE=1 ztest668780.c
Checking for unistd.h... Yes.

=== ztest668780.c ===
#include <stdarg.h>
int main() { return 0; }
===
gcc -c -O3 -D_LARGEFILE64_SOURCE=1 ztest668780.c
Checking for stdarg.h... Yes.

=== ztest668780.c ===
#include <stdio.h>
#include <stdarg.h>
#include "zconf.h"
int main()
{
#ifndef STDC
  choke me
#endif
  return 0;
}
===
gcc -c -O3 -D_LARGEFILE64_SOURCE=1 ztest668780.c
Checking whether to use vs[n]printf() or s[n]printf()... using vs[n]printf().

=== ztest668780.c ===
#include <stdio.h>
#include <stdarg.h>
int mytest(const char *fmt, ...)
{
  char buf[20];
  va_list ap;
  va_start(ap, fmt);
  vsnprintf(buf, sizeof(buf), fmt, ap);
  va_end(ap);
  return 0;
}
int main()
{
  return (mytest("Hello%d\n", 1));
}
===
gcc -O3 -D_LARGEFILE64_SOURCE=1 -o ztest668780 ztest668780.c
Checking for vsnprintf() in stdio.h... Yes.

=== ztest668780.c ===
#include <stdio.h>
#include <stdarg.h>
int mytest(const char *fmt, ...)
{
  int n;
  char buf[20];
  va_list ap;
  va_start(ap, fmt);
  n = vsnprintf(buf, sizeof(buf), fmt, ap);
  va_end(ap);
  return n;
}
int main()
{
  return (mytest("Hello%d\n", 1));
}
===
gcc -c -O3 -D_LARGEFILE64_SOURCE=1 ztest668780.c
Checking for return value of vsnprintf()... Yes.

=== ztest668780.c ===
#define ZLIB_INTERNAL __attribute__((visibility ("hidden")))
int ZLIB_INTERNAL foo;
int main()
{
  return 0;
}
===
gcc -c -O3 -D_LARGEFILE64_SOURCE=1 ztest668780.c
Checking for attribute(visibility) support... Yes.

ALL = static shared all64
AR = ar
ARFLAGS = rc
CC = gcc
CFLAGS = -O3 -D_LARGEFILE64_SOURCE=1 -DHAVE_HIDDEN
CPP =
EXE =
LDCONFIG = ldconfig
LDFLAGS =
LDSHARED = gcc -shared -Wl,-soname,libz.so.1,--version-script,zlib.map
LDSHAREDLIBC = -lc
OBJC = $(OBJZ) $(OBJG)
PIC_OBJC = $(PIC_OBJZ) $(PIC_OBJG)
RANLIB = ranlib
SFLAGS = -O3 -fPIC -D_LARGEFILE64_SOURCE=1 -DHAVE_HIDDEN
SHAREDLIB = libz.so
SHAREDLIBM = libz.so.1
SHAREDLIBV = libz.so.1.2.13
STATICLIB = libz.a
TEST = all teststatic testshared test64
VER = 1.2.13
SRCDIR =
exec_prefix = ${prefix}
includedir = ${prefix}/include
libdir = ${exec_prefix}/lib
mandir = ${prefix}/share/man
prefix = /home/martin/Bureau/Cours/LA1/LPE/Partie2/rootRPI
sharedlibdir = ${libdir}
uname = Linux
--------------------


--------------------
./configure -h
jeu. 30 mai 2024 18:13:06 CEST
usage:
  configure [--const] [--zprefix] [--prefix=PREFIX]  [--eprefix=EXPREFIX]
    [--static] [--64] [--libdir=LIBDIR] [--sharedlibdir=LIBDIR]
    [--includedir=INCLUDEDIR] [--archs="-arch i386 -arch x86_64"]
--------------------
./configure --prefix=/home/martin/Bureau/Cours/LA1/LPE/Partie2/rootRPI
jeu. 30 mai 2024 18:17:31 CEST
Checking for gcc...
=== ztest670236.c ===
extern int getchar();
int hello() {return getchar();}
===
gcc -c ztest670236.c
... using gcc

Checking for obsessive-compulsive compiler options...
=== ztest670236.c ===
int foo() { return 0; }
===
gcc -c -O3 ztest670236.c

Checking for shared library support...
=== ztest670236.c ===
extern int getchar();
int hello() {return getchar();}
===
gcc -w -c -O3 -fPIC ztest670236.c
gcc -shared -Wl,-soname,libz.so.1,--version-script,zlib.map -O3 -fPIC -o ztest670236.so ztest670236.o
Building shared library libz.so.1.2.13 with gcc.

=== ztest670236.c ===
#include <stdio.h>
#include <stdlib.h>
size_t dummy = 0;
===
gcc -c -O3 ztest670236.c
Checking for size_t... Yes.

=== ztest670236.c ===
#include <sys/types.h>
off64_t dummy = 0;
===
gcc -c -O3 -D_LARGEFILE64_SOURCE=1 ztest670236.c
Checking for off64_t... Yes.
Checking for fseeko... Yes.

=== ztest670236.c ===
#include <string.h>
#include <errno.h>
int main() { return strlen(strerror(errno)); }
===
gcc -O3 -D_LARGEFILE64_SOURCE=1 -o ztest670236 ztest670236.c
Checking for strerror... Yes.

=== ztest670236.c ===
#include <unistd.h>
int main() { return 0; }
===
gcc -c -O3 -D_LARGEFILE64_SOURCE=1 ztest670236.c
Checking for unistd.h... Yes.

=== ztest670236.c ===
#include <stdarg.h>
int main() { return 0; }
===
gcc -c -O3 -D_LARGEFILE64_SOURCE=1 ztest670236.c
Checking for stdarg.h... Yes.

=== ztest670236.c ===
#include <stdio.h>
#include <stdarg.h>
#include "zconf.h"
int main()
{
#ifndef STDC
  choke me
#endif
  return 0;
}
===
gcc -c -O3 -D_LARGEFILE64_SOURCE=1 ztest670236.c
Checking whether to use vs[n]printf() or s[n]printf()... using vs[n]printf().

=== ztest670236.c ===
#include <stdio.h>
#include <stdarg.h>
int mytest(const char *fmt, ...)
{
  char buf[20];
  va_list ap;
  va_start(ap, fmt);
  vsnprintf(buf, sizeof(buf), fmt, ap);
  va_end(ap);
  return 0;
}
int main()
{
  return (mytest("Hello%d\n", 1));
}
===
gcc -O3 -D_LARGEFILE64_SOURCE=1 -o ztest670236 ztest670236.c
Checking for vsnprintf() in stdio.h... Yes.

=== ztest670236.c ===
#include <stdio.h>
#include <stdarg.h>
int mytest(const char *fmt, ...)
{
  int n;
  char buf[20];
  va_list ap;
  va_start(ap, fmt);
  n = vsnprintf(buf, sizeof(buf), fmt, ap);
  va_end(ap);
  return n;
}
int main()
{
  return (mytest("Hello%d\n", 1));
}
===
gcc -c -O3 -D_LARGEFILE64_SOURCE=1 ztest670236.c
Checking for return value of vsnprintf()... Yes.

=== ztest670236.c ===
#define ZLIB_INTERNAL __attribute__((visibility ("hidden")))
int ZLIB_INTERNAL foo;
int main()
{
  return 0;
}
===
gcc -c -O3 -D_LARGEFILE64_SOURCE=1 ztest670236.c
Checking for attribute(visibility) support... Yes.

ALL = static shared all64
AR = ar
ARFLAGS = rc
CC = gcc
CFLAGS = -O3 -D_LARGEFILE64_SOURCE=1 -DHAVE_HIDDEN
CPP =
EXE =
LDCONFIG = ldconfig
LDFLAGS =
LDSHARED = gcc -shared -Wl,-soname,libz.so.1,--version-script,zlib.map
LDSHAREDLIBC = -lc
OBJC = $(OBJZ) $(OBJG)
PIC_OBJC = $(PIC_OBJZ) $(PIC_OBJG)
RANLIB = ranlib
SFLAGS = -O3 -fPIC -D_LARGEFILE64_SOURCE=1 -DHAVE_HIDDEN
SHAREDLIB = libz.so
SHAREDLIBM = libz.so.1
SHAREDLIBV = libz.so.1.2.13
STATICLIB = libz.a
TEST = all teststatic testshared test64
VER = 1.2.13
SRCDIR =
exec_prefix = ${prefix}
includedir = ${prefix}/include
libdir = ${exec_prefix}/lib
mandir = ${prefix}/share/man
prefix = /home/martin/Bureau/Cours/LA1/LPE/Partie2/rootRPI
sharedlibdir = ${libdir}
uname = Linux
--------------------


--------------------
./configure --prefix=/home/martin/Bureau/Cours/LA1/LPE/Partie2/rootRPI
jeu. 30 mai 2024 19:03:30 CEST
Checking for gcc...
=== ztest727655.c ===
extern int getchar();
int hello() {return getchar();}
===
gcc -c ztest727655.c
... using gcc

Checking for obsessive-compulsive compiler options...
=== ztest727655.c ===
int foo() { return 0; }
===
gcc -c -O3 ztest727655.c

Checking for shared library support...
=== ztest727655.c ===
extern int getchar();
int hello() {return getchar();}
===
gcc -w -c -O3 -fPIC ztest727655.c
gcc -shared -Wl,-soname,libz.so.1,--version-script,zlib.map -O3 -fPIC -o ztest727655.so ztest727655.o
Building shared library libz.so.1.2.13 with gcc.

=== ztest727655.c ===
#include <stdio.h>
#include <stdlib.h>
size_t dummy = 0;
===
gcc -c -O3 ztest727655.c
Checking for size_t... Yes.

=== ztest727655.c ===
#include <sys/types.h>
off64_t dummy = 0;
===
gcc -c -O3 -D_LARGEFILE64_SOURCE=1 ztest727655.c
Checking for off64_t... Yes.
Checking for fseeko... Yes.

=== ztest727655.c ===
#include <string.h>
#include <errno.h>
int main() { return strlen(strerror(errno)); }
===
gcc -O3 -D_LARGEFILE64_SOURCE=1 -o ztest727655 ztest727655.c
Checking for strerror... Yes.

=== ztest727655.c ===
#include <unistd.h>
int main() { return 0; }
===
gcc -c -O3 -D_LARGEFILE64_SOURCE=1 ztest727655.c
Checking for unistd.h... Yes.

=== ztest727655.c ===
#include <stdarg.h>
int main() { return 0; }
===
gcc -c -O3 -D_LARGEFILE64_SOURCE=1 ztest727655.c
Checking for stdarg.h... Yes.

=== ztest727655.c ===
#include <stdio.h>
#include <stdarg.h>
#include "zconf.h"
int main()
{
#ifndef STDC
  choke me
#endif
  return 0;
}
===
gcc -c -O3 -D_LARGEFILE64_SOURCE=1 ztest727655.c
Checking whether to use vs[n]printf() or s[n]printf()... using vs[n]printf().

=== ztest727655.c ===
#include <stdio.h>
#include <stdarg.h>
int mytest(const char *fmt, ...)
{
  char buf[20];
  va_list ap;
  va_start(ap, fmt);
  vsnprintf(buf, sizeof(buf), fmt, ap);
  va_end(ap);
  return 0;
}
int main()
{
  return (mytest("Hello%d\n", 1));
}
===
gcc -O3 -D_LARGEFILE64_SOURCE=1 -o ztest727655 ztest727655.c
Checking for vsnprintf() in stdio.h... Yes.

=== ztest727655.c ===
#include <stdio.h>
#include <stdarg.h>
int mytest(const char *fmt, ...)
{
  int n;
  char buf[20];
  va_list ap;
  va_start(ap, fmt);
  n = vsnprintf(buf, sizeof(buf), fmt, ap);
  va_end(ap);
  return n;
}
int main()
{
  return (mytest("Hello%d\n", 1));
}
===
gcc -c -O3 -D_LARGEFILE64_SOURCE=1 ztest727655.c
Checking for return value of vsnprintf()... Yes.

=== ztest727655.c ===
#define ZLIB_INTERNAL __attribute__((visibility ("hidden")))
int ZLIB_INTERNAL foo;
int main()
{
  return 0;
}
===
gcc -c -O3 -D_LARGEFILE64_SOURCE=1 ztest727655.c
Checking for attribute(visibility) support... Yes.

ALL = static shared all64
AR = ar
ARFLAGS = rc
CC = gcc
CFLAGS = -O3 -D_LARGEFILE64_SOURCE=1 -DHAVE_HIDDEN
CPP =
EXE =
LDCONFIG = ldconfig
LDFLAGS =
LDSHARED = gcc -shared -Wl,-soname,libz.so.1,--version-script,zlib.map
LDSHAREDLIBC = -lc
OBJC = $(OBJZ) $(OBJG)
PIC_OBJC = $(PIC_OBJZ) $(PIC_OBJG)
RANLIB = ranlib
SFLAGS = -O3 -fPIC -D_LARGEFILE64_SOURCE=1 -DHAVE_HIDDEN
SHAREDLIB = libz.so
SHAREDLIBM = libz.so.1
SHAREDLIBV = libz.so.1.2.13
STATICLIB = libz.a
TEST = all teststatic testshared test64
VER = 1.2.13
SRCDIR =
exec_prefix = ${prefix}
includedir = ${prefix}/include
libdir = ${exec_prefix}/lib
mandir = ${prefix}/share/man
prefix = /home/martin/Bureau/Cours/LA1/LPE/Partie2/rootRPI
sharedlibdir = ${libdir}
uname = Linux
--------------------


--------------------
./configure --prefix=/home/martin/Bureau/Cours/LA1/LPE/Partie2/rootRPI
jeu. 30 mai 2024 20:35:46 CEST
Checking for gcc...
=== ztest777584.c ===
extern int getchar();
int hello() {return getchar();}
===
gcc -c ztest777584.c
... using gcc

Checking for obsessive-compulsive compiler options...
=== ztest777584.c ===
int foo() { return 0; }
===
gcc -c -O3 ztest777584.c

Checking for shared library support...
=== ztest777584.c ===
extern int getchar();
int hello() {return getchar();}
===
gcc -w -c -O3 -fPIC ztest777584.c
gcc -shared -Wl,-soname,libz.so.1,--version-script,zlib.map -O3 -fPIC -o ztest777584.so ztest777584.o
Building shared library libz.so.1.2.13 with gcc.

=== ztest777584.c ===
#include <stdio.h>
#include <stdlib.h>
size_t dummy = 0;
===
gcc -c -O3 ztest777584.c
Checking for size_t... Yes.

=== ztest777584.c ===
#include <sys/types.h>
off64_t dummy = 0;
===
gcc -c -O3 -D_LARGEFILE64_SOURCE=1 ztest777584.c
Checking for off64_t... Yes.
Checking for fseeko... Yes.

=== ztest777584.c ===
#include <string.h>
#include <errno.h>
int main() { return strlen(strerror(errno)); }
===
gcc -O3 -D_LARGEFILE64_SOURCE=1 -o ztest777584 ztest777584.c
Checking for strerror... Yes.

=== ztest777584.c ===
#include <unistd.h>
int main() { return 0; }
===
gcc -c -O3 -D_LARGEFILE64_SOURCE=1 ztest777584.c
Checking for unistd.h... Yes.

=== ztest777584.c ===
#include <stdarg.h>
int main() { return 0; }
===
gcc -c -O3 -D_LARGEFILE64_SOURCE=1 ztest777584.c
Checking for stdarg.h... Yes.

=== ztest777584.c ===
#include <stdio.h>
#include <stdarg.h>
#include "zconf.h"
int main()
{
#ifndef STDC
  choke me
#endif
  return 0;
}
===
gcc -c -O3 -D_LARGEFILE64_SOURCE=1 ztest777584.c
Checking whether to use vs[n]printf() or s[n]printf()... using vs[n]printf().

=== ztest777584.c ===
#include <stdio.h>
#include <stdarg.h>
int mytest(const char *fmt, ...)
{
  char buf[20];
  va_list ap;
  va_start(ap, fmt);
  vsnprintf(buf, sizeof(buf), fmt, ap);
  va_end(ap);
  return 0;
}
int main()
{
  return (mytest("Hello%d\n", 1));
}
===
gcc -O3 -D_LARGEFILE64_SOURCE=1 -o ztest777584 ztest777584.c
Checking for vsnprintf() in stdio.h... Yes.

=== ztest777584.c ===
#include <stdio.h>
#include <stdarg.h>
int mytest(const char *fmt, ...)
{
  int n;
  char buf[20];
  va_list ap;
  va_start(ap, fmt);
  n = vsnprintf(buf, sizeof(buf), fmt, ap);
  va_end(ap);
  return n;
}
int main()
{
  return (mytest("Hello%d\n", 1));
}
===
gcc -c -O3 -D_LARGEFILE64_SOURCE=1 ztest777584.c
Checking for return value of vsnprintf()... Yes.

=== ztest777584.c ===
#define ZLIB_INTERNAL __attribute__((visibility ("hidden")))
int ZLIB_INTERNAL foo;
int main()
{
  return 0;
}
===
gcc -c -O3 -D_LARGEFILE64_SOURCE=1 ztest777584.c
Checking for attribute(visibility) support... Yes.

ALL = static shared all64
AR = ar
ARFLAGS = rc
CC = gcc
CFLAGS = -O3 -D_LARGEFILE64_SOURCE=1 -DHAVE_HIDDEN
CPP =
EXE =
LDCONFIG = ldconfig
LDFLAGS =
LDSHARED = gcc -shared -Wl,-soname,libz.so.1,--version-script,zlib.map
LDSHAREDLIBC = -lc
OBJC = $(OBJZ) $(OBJG)
PIC_OBJC = $(PIC_OBJZ) $(PIC_OBJG)
RANLIB = ranlib
SFLAGS = -O3 -fPIC -D_LARGEFILE64_SOURCE=1 -DHAVE_HIDDEN
SHAREDLIB = libz.so
SHAREDLIBM = libz.so.1
SHAREDLIBV = libz.so.1.2.13
STATICLIB = libz.a
TEST = all teststatic testshared test64
VER = 1.2.13
SRCDIR =
exec_prefix = ${prefix}
includedir = ${prefix}/include
libdir = ${exec_prefix}/lib
mandir = ${prefix}/share/man
prefix = /home/martin/Bureau/Cours/LA1/LPE/Partie2/rootRPI
sharedlibdir = ${libdir}
uname = Linux
--------------------


